<?xml version="1.0" encoding="UTF-8"?>
<!-- Generated by org.testng.reporters.JUnitXMLReporter -->
<testsuite ignored="0" hostname="DESKTOP-3VDS6S3" failures="1" tests="1" name="TC_04_Login" time="2.442" errors="0" timestamp="23 jul 2022 13:49:38 GMT">
  <testcase classname="loginTest.TC_04_LoginParam" name="TC_04" time="0.0">
    <failure type="org.testng.TestNGException" message="
Method TC_04 requires 2 parameters but 3 were supplied in the @Test annotation.">
      <![CDATA[org.testng.TestNGException: 
Method TC_04 requires 2 parameters but 3 were supplied in the @Test annotation.
	at java.base/java.util.concurrent.FutureTask.run(FutureTask.java:264)
	at java.base/java.util.concurrent.ThreadPoolExecutor.runWorker(ThreadPoolExecutor.java:1136)
	at java.base/java.util.concurrent.ThreadPoolExecutor$Worker.run(ThreadPoolExecutor.java:635)
	at java.base/java.lang.Thread.run(Thread.java:833)
... Removed 15 stack frames]]>
    </failure>
  </testcase> <!-- TC_04 -->
</testsuite> <!-- TC_04_Login -->
